<?xml version="1.0" encoding="UTF-8"?>
<!-- Generated by org.testng.reporters.JUnitXMLReporter -->
<testsuite ignored="0" hostname="LAPTOP-BHEV3TNG" failures="0" tests="3" name="Test" time="69.076" errors="0" timestamp="2025-01-29T13:57:51 IST">
  <testcase classname="Maven_basics.DWS_SubscribeTest" name="searchTest" time="12.433"/>
  <testcase classname="Maven_basics.DWS_SearchTest" name="searchTest" time="56.576"/>
  <testcase classname="Maven_basics.Maven_SampleTest" name="mavendemoTest" time="0.003"/>
</testsuite> <!-- Test -->
