<?xml version="1.0" encoding="UTF-8"?>
<testng-results ignored="0" total="2" passed="2" failed="0" skipped="0">
  <reporter-output>
  </reporter-output>
  <suite started-at="2025-01-29T21:27:48 IST" name="Suite" finished-at="2025-01-29T21:28:12 IST" duration-ms="24319">
    <groups>
    </groups>
    <test started-at="2025-01-29T21:27:48 IST" name="Test" finished-at="2025-01-29T21:28:12 IST" duration-ms="24319">
      <class name="DWS_TestCases.DWS_RegisterTest">
        <test-method signature="TC2()[pri:0, instance:DWS_TestCases.DWS_RegisterTest@1bd4fdd]" started-at="2025-01-29T21:28:03 IST" name="TC2" finished-at="2025-01-29T21:28:12 IST" duration-ms="9257" status="PASS">
          <reporter-output>
          </reporter-output>
        </test-method> <!-- TC2 -->
      </class> <!-- DWS_TestCases.DWS_RegisterTest -->
      <class name="DWS_TestCases.DWS_SearchTest">
        <test-method signature="TC1()[pri:0, instance:DWS_TestCases.DWS_SearchTest@4efbca5a]" started-at="2025-01-29T21:27:48 IST" name="TC1" finished-at="2025-01-29T21:28:03 IST" duration-ms="15005" status="PASS">
          <reporter-output>
          </reporter-output>
        </test-method> <!-- TC1 -->
      </class> <!-- DWS_TestCases.DWS_SearchTest -->
    </test> <!-- Test -->
  </suite> <!-- Suite -->
</testng-results>
